  Actor.cpp
C:\Users\YGL\Desktop\20220726\Actor.h(21,39): error C3646: '정의를': 알 수 없는 재정의 지정자입니다.
C:\Users\YGL\Desktop\20220726\Actor.h(21,49): error C3646: '해야한다': 알 수 없는 재정의 지정자입니다.
C:\Users\YGL\Desktop\20220726\Actor.h(22,2): error C2144: 구문 오류: void'은(는) ';' 다음에 와야 합니다.
C:\Users\YGL\Desktop\20220726\Actor.h(22,15): error C4430: 형식 지정자가 없습니다. int로 가정합니다. 참고: C++에서는 기본 int를 지원하지 않습니다.
C:\Users\YGL\Desktop\20220726\Actor.h(24,1): error C2143: 구문 오류: ';'이(가) '}' 앞에 없습니다.
C:\Users\YGL\Desktop\20220726\Actor.h(22,15): error C2535: 'void Actor::Render(void)': 멤버 함수를 이미 정의했거나 선언했습니다.
C:\Users\YGL\Desktop\20220726\Actor.h(21): message : 'Actor::Render' 선언을 참조하십시오.
  Floor.cpp
C:\Users\YGL\Desktop\20220726\Actor.h(21,39): error C3646: '정의를': 알 수 없는 재정의 지정자입니다.
C:\Users\YGL\Desktop\20220726\Actor.h(21,49): error C3646: '해야한다': 알 수 없는 재정의 지정자입니다.
C:\Users\YGL\Desktop\20220726\Actor.h(22,2): error C2144: 구문 오류: void'은(는) ';' 다음에 와야 합니다.
C:\Users\YGL\Desktop\20220726\Actor.h(22,15): error C4430: 형식 지정자가 없습니다. int로 가정합니다. 참고: C++에서는 기본 int를 지원하지 않습니다.
C:\Users\YGL\Desktop\20220726\Actor.h(24,1): error C2143: 구문 오류: ';'이(가) '}' 앞에 없습니다.
C:\Users\YGL\Desktop\20220726\Actor.h(22,15): error C2535: 'void Actor::Render(void)': 멤버 함수를 이미 정의했거나 선언했습니다.
C:\Users\YGL\Desktop\20220726\Actor.h(21): message : 'Actor::Render' 선언을 참조하십시오.
  Gate.cpp
C:\Users\YGL\Desktop\20220726\Actor.h(21,39): error C3646: '정의를': 알 수 없는 재정의 지정자입니다.
C:\Users\YGL\Desktop\20220726\Actor.h(21,49): error C3646: '해야한다': 알 수 없는 재정의 지정자입니다.
C:\Users\YGL\Desktop\20220726\Actor.h(22,2): error C2144: 구문 오류: void'은(는) ';' 다음에 와야 합니다.
C:\Users\YGL\Desktop\20220726\Actor.h(22,15): error C4430: 형식 지정자가 없습니다. int로 가정합니다. 참고: C++에서는 기본 int를 지원하지 않습니다.
C:\Users\YGL\Desktop\20220726\Actor.h(24,1): error C2143: 구문 오류: ';'이(가) '}' 앞에 없습니다.
C:\Users\YGL\Desktop\20220726\Actor.h(22,15): error C2535: 'void Actor::Render(void)': 멤버 함수를 이미 정의했거나 선언했습니다.
C:\Users\YGL\Desktop\20220726\Actor.h(21): message : 'Actor::Render' 선언을 참조하십시오.
  main.cpp
C:\Users\YGL\Desktop\20220726\Actor.h(21,39): error C3646: '정의를': 알 수 없는 재정의 지정자입니다.
C:\Users\YGL\Desktop\20220726\Actor.h(21,49): error C3646: '해야한다': 알 수 없는 재정의 지정자입니다.
C:\Users\YGL\Desktop\20220726\Actor.h(22,2): error C2144: 구문 오류: void'은(는) ';' 다음에 와야 합니다.
C:\Users\YGL\Desktop\20220726\Actor.h(22,15): error C4430: 형식 지정자가 없습니다. int로 가정합니다. 참고: C++에서는 기본 int를 지원하지 않습니다.
C:\Users\YGL\Desktop\20220726\Actor.h(24,1): error C2143: 구문 오류: ';'이(가) '}' 앞에 없습니다.
C:\Users\YGL\Desktop\20220726\Actor.h(22,15): error C2535: 'void Actor::Render(void)': 멤버 함수를 이미 정의했거나 선언했습니다.
C:\Users\YGL\Desktop\20220726\Actor.h(21): message : 'Actor::Render' 선언을 참조하십시오.
  Monster.cpp
C:\Users\YGL\Desktop\20220726\Actor.h(21,39): error C3646: '정의를': 알 수 없는 재정의 지정자입니다.
C:\Users\YGL\Desktop\20220726\Actor.h(21,49): error C3646: '해야한다': 알 수 없는 재정의 지정자입니다.
C:\Users\YGL\Desktop\20220726\Actor.h(22,2): error C2144: 구문 오류: void'은(는) ';' 다음에 와야 합니다.
C:\Users\YGL\Desktop\20220726\Actor.h(22,15): error C4430: 형식 지정자가 없습니다. int로 가정합니다. 참고: C++에서는 기본 int를 지원하지 않습니다.
C:\Users\YGL\Desktop\20220726\Actor.h(24,1): error C2143: 구문 오류: ';'이(가) '}' 앞에 없습니다.
C:\Users\YGL\Desktop\20220726\Actor.h(22,15): error C2535: 'void Actor::Render(void)': 멤버 함수를 이미 정의했거나 선언했습니다.
C:\Users\YGL\Desktop\20220726\Actor.h(21): message : 'Actor::Render' 선언을 참조하십시오.
  Player.cpp
C:\Users\YGL\Desktop\20220726\Actor.h(21,39): error C3646: '정의를': 알 수 없는 재정의 지정자입니다.
C:\Users\YGL\Desktop\20220726\Actor.h(21,49): error C3646: '해야한다': 알 수 없는 재정의 지정자입니다.
C:\Users\YGL\Desktop\20220726\Actor.h(22,2): error C2144: 구문 오류: void'은(는) ';' 다음에 와야 합니다.
C:\Users\YGL\Desktop\20220726\Actor.h(22,15): error C4430: 형식 지정자가 없습니다. int로 가정합니다. 참고: C++에서는 기본 int를 지원하지 않습니다.
C:\Users\YGL\Desktop\20220726\Actor.h(24,1): error C2143: 구문 오류: ';'이(가) '}' 앞에 없습니다.
C:\Users\YGL\Desktop\20220726\Actor.h(22,15): error C2535: 'void Actor::Render(void)': 멤버 함수를 이미 정의했거나 선언했습니다.
C:\Users\YGL\Desktop\20220726\Actor.h(21): message : 'Actor::Render' 선언을 참조하십시오.
  Vector2D.cpp
  Wall.cpp
C:\Users\YGL\Desktop\20220726\Actor.h(21,39): error C3646: '정의를': 알 수 없는 재정의 지정자입니다.
C:\Users\YGL\Desktop\20220726\Actor.h(21,49): error C3646: '해야한다': 알 수 없는 재정의 지정자입니다.
C:\Users\YGL\Desktop\20220726\Actor.h(22,2): error C2144: 구문 오류: void'은(는) ';' 다음에 와야 합니다.
C:\Users\YGL\Desktop\20220726\Actor.h(22,15): error C4430: 형식 지정자가 없습니다. int로 가정합니다. 참고: C++에서는 기본 int를 지원하지 않습니다.
C:\Users\YGL\Desktop\20220726\Actor.h(24,1): error C2143: 구문 오류: ';'이(가) '}' 앞에 없습니다.
C:\Users\YGL\Desktop\20220726\Actor.h(22,15): error C2535: 'void Actor::Render(void)': 멤버 함수를 이미 정의했거나 선언했습니다.
C:\Users\YGL\Desktop\20220726\Actor.h(21): message : 'Actor::Render' 선언을 참조하십시오.
  World.cpp
  코드를 생성하고 있습니다...
